<?xml version="1.0" encoding="UTF-8"?>
<!-- Generated by org.testng.reporters.JUnitXMLReporter -->
<testsuite ignored="3" hostname="DESKTOP-LORLO7F" failures="1" tests="1" name="Default test(failed)" time="0.094" errors="0" timestamp="2022-11-17T01:01:01 IST">
  <testcase classname="failedTCTestng.FailedTest" name="B" time="0.015">
    <failure type="java.lang.AssertionError" message="null">
      <![CDATA[java.lang.AssertionError: null
at failedTCTestng.FailedTest.B(FailedTest.java:27)
at java.base/java.util.ArrayList.forEach(ArrayList.java:1541)
... Removed 29 stack frames]]>
    </failure>
  </testcase> <!-- B -->
  <testcase classname="failedTCTestng.FailedTest" name="D" time="0.0">
    <ignored/>
  </testcase> <!-- D -->
  <testcase classname="failedTCTestng.FailedTest" name="C" time="0.0">
    <ignored/>
  </testcase> <!-- C -->
  <testcase classname="failedTCTestng.FailedTest" name="A" time="0.0">
    <ignored/>
  </testcase> <!-- A -->
</testsuite> <!-- Default test(failed) -->
