<?xml version="1.0" encoding="UTF-8"?>
<!-- Generated by org.testng.reporters.JUnitReportReporter -->
<testsuite hostname="DESKTOP-LORLO7F" failures="0" tests="2" name="testNGXML.Testing2" time="0.019" errors="0" timestamp="2022-11-16T23:00:36 IST" skipped="0">
  <testcase classname="testNGXML.Testing2" name="G" time="0.004"/>
  <system-out>
    <![CDATA[G TC is running]]>
  </system-out>
  <testcase classname="testNGXML.Testing2" name="E" time="0.015"/>
  <system-out>
    <![CDATA[E TC is running]]>
  </system-out>
</testsuite> <!-- testNGXML.Testing2 -->
