<?xml version="1.0" encoding="UTF-8"?>
<!-- Generated by org.testng.reporters.JUnitReportReporter -->
<testsuite hostname="DESKTOP-LORLO7F" failures="0" tests="2" name="testNGXML.Testing1" time="0.018" errors="0" timestamp="2022-11-16T22:59:22 IST" skipped="0">
  <testcase classname="testNGXML.Testing1" name="A" time="0.015"/>
  <system-out>
    <![CDATA[A TC is running]]>
  </system-out>
  <testcase classname="testNGXML.Testing1" name="D" time="0.003"/>
  <system-out>
    <![CDATA[D TC is running]]>
  </system-out>
</testsuite> <!-- testNGXML.Testing1 -->
