<?xml version="1.0" encoding="UTF-8"?>
<!-- Generated by org.testng.reporters.JUnitReportReporter -->
<testsuite hostname="DESKTOP-LORLO7F" failures="0" tests="2" name="testNG.AnnotationStudy" time="0.016" errors="0" timestamp="2022-11-16T00:20:28 IST" skipped="0">
  <testcase classname="testNG.AnnotationStudy" name="myTest2" time="0.005"/>
  <system-out>
    <![CDATA[myTest2 Test method is running]]>
  </system-out>
  <testcase classname="testNG.AnnotationStudy" name="myTest1" time="0.011"/>
  <system-out>
    <![CDATA[myTest1 Test method is running]]>
  </system-out>
</testsuite> <!-- testNG.AnnotationStudy -->
