<?xml version="1.0" encoding="UTF-8"?>
<!-- Generated by org.testng.reporters.JUnitReportReporter -->
<testsuite hostname="DESKTOP-LORLO7F" failures="0" tests="5" name="testNGKeywords.Testing" time="0.041" errors="0" timestamp="2022-11-16T00:51:01 IST" skipped="0">
  <testcase classname="testNGKeywords.Testing" name="A" time="0.009"/>
  <system-out>
    <![CDATA[A TC is running]]>
  </system-out>
  <testcase classname="testNGKeywords.Testing" name="A" time="0.006"/>
  <system-out>
    <![CDATA[A TC is running]]>
  </system-out>
  <testcase classname="testNGKeywords.Testing" name="A" time="0.018"/>
  <system-out>
    <![CDATA[A TC is running]]>
  </system-out>
  <testcase classname="testNGKeywords.Testing" name="A" time="0.002"/>
  <system-out>
    <![CDATA[A TC is running]]>
  </system-out>
  <testcase classname="testNGKeywords.Testing" name="A" time="0.006"/>
  <system-out>
    <![CDATA[A TC is running]]>
  </system-out>
</testsuite> <!-- testNGKeywords.Testing -->
