<?xml version="1.0" encoding="UTF-8"?>
<!-- Generated by org.testng.reporters.JUnitReportReporter -->
<testsuite hostname="DESKTOP-LORLO7F" failures="0" tests="2" name="testNGgrpoups.Testing4" time="0.007" errors="0" timestamp="2022-11-17T00:36:17 IST" skipped="0">
  <testcase classname="testNGgrpoups.Testing4" name="A" time="0.004"/>
  <system-out>
    <![CDATA[A TC is running]]>
  </system-out>
  <testcase classname="testNGgrpoups.Testing4" name="B" time="0.003"/>
  <system-out>
    <![CDATA[B TC is running]]>
  </system-out>
</testsuite> <!-- testNGgrpoups.Testing4 -->
