<?xml version="1.0" encoding="UTF-8"?>
<!-- Generated by org.testng.reporters.JUnitReportReporter -->
<testsuite hostname="DESKTOP-LORLO7F" failures="0" tests="2" name="testNGKeywords.DependsOnMethods" time="0.019" errors="0" timestamp="2022-11-17T00:55:42 IST" skipped="0">
  <testcase classname="testNGKeywords.DependsOnMethods" name="A" time="0.004"/>
  <system-out>
    <![CDATA[A TC is running]]>
  </system-out>
  <testcase classname="testNGKeywords.DependsOnMethods" name="B" time="0.015"/>
  <system-out>
    <![CDATA[B TC is running]]>
  </system-out>
</testsuite> <!-- testNGKeywords.DependsOnMethods -->
