<?xml version="1.0" encoding="UTF-8"?>
<!-- Generated by org.testng.reporters.JUnitReportReporter -->
<testsuite hostname="DESKTOP-LORLO7F" failures="0" tests="2" name="testNG.MyTestnew" time="0.019" errors="0" timestamp="2022-11-16T23:01:13 IST" skipped="0">
  <testcase classname="testNG.MyTestnew" name="B" time="0.004"/>
  <system-out>
    <![CDATA[B method running using--:log
B method running using--:log true]]>
  </system-out>
  <testcase classname="testNG.MyTestnew" name="A" time="0.015"/>
  <system-out>
    <![CDATA[A method running using--:log
A method running using--:log true]]>
  </system-out>
</testsuite> <!-- testNG.MyTestnew -->
