<?xml version="1.0" encoding="UTF-8"?>
<!-- Generated by org.testng.reporters.JUnitReportReporter -->
<testsuite hostname="DESKTOP-LORLO7F" failures="0" tests="4" name="testNGKeywords.TimeOut" time="2.050" errors="0" timestamp="2022-11-16T15:34:09 IST" skipped="0">
  <testcase classname="testNGKeywords.TimeOut" name="C" time="2.023"/>
  <system-out>
    <![CDATA[C TC is running]]>
  </system-out>
  <testcase classname="testNGKeywords.TimeOut" name="A" time="0.016"/>
  <system-out>
    <![CDATA[A TC is running]]>
  </system-out>
  <testcase classname="testNGKeywords.TimeOut" name="B" time="0.003"/>
  <system-out>
    <![CDATA[B TC is running]]>
  </system-out>
  <testcase classname="testNGKeywords.TimeOut" name="D" time="0.008"/>
  <system-out>
    <![CDATA[D TC is running]]>
  </system-out>
</testsuite> <!-- testNGKeywords.TimeOut -->
