<?xml version="1.0" encoding="UTF-8"?>
<!-- Generated by org.testng.reporters.JUnitReportReporter -->
<testsuite hostname="DESKTOP-LORLO7F" failures="0" tests="4" name="testNGKeywords.Enabled" time="0.023" errors="0" timestamp="2022-11-16T23:02:39 IST" skipped="1">
  <testcase classname="testNGKeywords.Enabled" name="D" time="0.003"/>
  <system-out>
    <![CDATA[D TC is running]]>
  </system-out>
  <testcase classname="testNGKeywords.Enabled" name="A" time="0.017"/>
  <system-out>
    <![CDATA[A TC is running]]>
  </system-out>
  <testcase classname="testNGKeywords.Enabled" name="B" time="0.003"/>
  <system-out>
    <![CDATA[B TC is running]]>
  </system-out>
  <testcase classname="testNGKeywords.Enabled" name="C">
    <skipped/>
  </testcase> <!-- C -->
  <system-out/>
</testsuite> <!-- testNGKeywords.Enabled -->
