<?xml version="1.0" encoding="UTF-8"?>
<!-- Generated by org.testng.reporters.JUnitReportReporter -->
<testsuite hostname="DESKTOP-LORLO7F" failures="0" tests="4" name="testNGKeywords.Priority" time="0.014" errors="0" timestamp="2022-11-16T23:02:39 IST" skipped="0">
  <testcase classname="testNGKeywords.Priority" name="D" time="0.003"/>
  <system-out>
    <![CDATA[D TC is running]]>
  </system-out>
  <testcase classname="testNGKeywords.Priority" name="C" time="0.003"/>
  <system-out>
    <![CDATA[C TC is running]]>
  </system-out>
  <testcase classname="testNGKeywords.Priority" name="B" time="0.004"/>
  <system-out>
    <![CDATA[B TC is running]]>
  </system-out>
  <testcase classname="testNGKeywords.Priority" name="A" time="0.004"/>
  <system-out>
    <![CDATA[A TC is running]]>
  </system-out>
</testsuite> <!-- testNGKeywords.Priority -->
